This is pdfTeX, Version 3.14159265-2.6-1.40.18 (MiKTeX 2.9.6300 64-bit) (preloaded format=pdflatex 2017.5.20)  21 MAY 2017 18:08
entering extended mode
**"./Player Handbook.tex"
("Player Handbook.tex"
LaTeX2e <2017-04-15>
Babel <3.9r> and hyphenation patterns for 75 language(s) loaded.
("C:\Program Files\MiKTeX 2.9\tex\latex\base\article.cls"
Document Class: article 2014/09/29 v1.4h Standard LaTeX document class
("C:\Program Files\MiKTeX 2.9\tex\latex\base\size12.clo"
File: size12.clo 2014/09/29 v1.4h Standard LaTeX file (size option)
)
\c@part=\count79
\c@section=\count80
\c@subsection=\count81
\c@subsubsection=\count82
\c@paragraph=\count83
\c@subparagraph=\count84
\c@figure=\count85
\c@table=\count86
\abovecaptionskip=\skip41
\belowcaptionskip=\skip42
\bibindent=\dimen102
)
("C:\Program Files\MiKTeX 2.9\tex\latex\graphics\graphicx.sty"
Package: graphicx 2014/10/28 v1.0g Enhanced LaTeX Graphics (DPC,SPQR)

("C:\Program Files\MiKTeX 2.9\tex\latex\graphics\keyval.sty"
Package: keyval 2014/10/28 v1.15 key=value parser (DPC)
\KV@toks@=\toks14
)
("C:\Program Files\MiKTeX 2.9\tex\latex\graphics\graphics.sty"
Package: graphics 2017/04/14 v1.1b Standard LaTeX Graphics (DPC,SPQR)

("C:\Program Files\MiKTeX 2.9\tex\latex\graphics\trig.sty"
Package: trig 2016/01/03 v1.10 sin cos tan (DPC)
)
("C:\Program Files\MiKTeX 2.9\tex\latex\graphics-cfg\graphics.cfg"
File: graphics.cfg 2016/06/04 v1.11 sample graphics configuration
)
Package graphics Info: Driver file: pdftex.def on input line 99.

("C:\Program Files\MiKTeX 2.9\tex\latex\graphics-def\pdftex.def"
File: pdftex.def 2017/01/12 v0.06k Graphics/color for pdfTeX

("C:\Program Files\MiKTeX 2.9\tex\generic\oberdiek\infwarerr.sty"
Package: infwarerr 2016/05/16 v1.4 Providing info/warning/error messages (HO)
)
("C:\Program Files\MiKTeX 2.9\tex\generic\oberdiek\ltxcmds.sty"
Package: ltxcmds 2016/05/16 v1.23 LaTeX kernel commands for general use (HO)
)
\Gread@gobject=\count87
))
\Gin@req@height=\dimen103
\Gin@req@width=\dimen104
)
("C:\Program Files\MiKTeX 2.9\tex\latex\wrapfig\wrapfig.sty"
\wrapoverhang=\dimen105
\WF@size=\dimen106
\c@WF@wrappedlines=\count88
\WF@box=\box26
\WF@everypar=\toks15
Package: wrapfig 2003/01/31  v 3.6
)
("C:\Program Files\MiKTeX 2.9\tex\latex\caption\caption.sty"
Package: caption 2016/02/21 v3.3-144 Customizing captions (AR)

("C:\Program Files\MiKTeX 2.9\tex\latex\caption\caption3.sty"
Package: caption3 2016/05/22 v1.7-166 caption3 kernel (AR)
Package caption3 Info: TeX engine: e-TeX on input line 67.
\captionmargin=\dimen107
\captionmargin@=\dimen108
\captionwidth=\dimen109
\caption@tempdima=\dimen110
\caption@indent=\dimen111
\caption@parindent=\dimen112
\caption@hangindent=\dimen113
)
\c@ContinuedFloat=\count89
Package caption Info: wrapfig package is loaded.
)
("C:\Program Files\MiKTeX 2.9\tex\latex\floatrow\floatrow.sty"
Package: floatrow 2008/08/02 v0.3b floatrow: float package extension
\c@float@type=\count90
\float@exts=\toks16
\float@box=\box27
\@floatcapt=\box28
Package floatrow Info: Modified float package code loaded on input line 455.
Package floatrow Info: Modified rotfloat package code loaded on input line 473.

\FR@everyfloat=\toks17
\flrow@foot=\insert199
\FB@wd=\dimen114
\FBo@wd=\dimen115
\FBc@wd=\dimen116
\FBo@ht=\skip43
\FBc@ht=\skip44
\FBf@ht=\skip45
\FBo@max=\skip46
\FBc@max=\skip47
\FBf@max=\skip48
\c@FBl@b=\count91
\floatbox@depth=\count92
\c@FRobj=\count93
\c@FRsobj=\count94
\Xhsize=\skip49
\sXhsize=\skip50
\Zhsize=\skip51
\sZhsize=\skip52
\flrow@rowbox=\box29
\FR@Zunitlength=\dimen117
\c@FBcnt=\count95
\FPOScnt=\count96
\LTleft=\skip53
\LTright=\skip54
\LTleft=\skip55
\LTright=\skip56
\flrow@types=\toks18
)
("Player Handbook.aux"

LaTeX Warning: Label `fig:test' multiply defined.


LaTeX Warning: Label `fig:test' multiply defined.


LaTeX Warning: Label `fig:test' multiply defined.


LaTeX Warning: Label `fig:test' multiply defined.


LaTeX Warning: Label `fig:test' multiply defined.


LaTeX Warning: Label `fig:test' multiply defined.


LaTeX Warning: Label `fig:test' multiply defined.


LaTeX Warning: Label `fig:test' multiply defined.


LaTeX Warning: Label `fig:test' multiply defined.


LaTeX Warning: Label `fig:test' multiply defined.


LaTeX Warning: Label `fig:test' multiply defined.


LaTeX Warning: Label `fig:test' multiply defined.


LaTeX Warning: Label `fig:test' multiply defined.


LaTeX Warning: Label `fig:test' multiply defined.


LaTeX Warning: Label `fig:test' multiply defined.


LaTeX Warning: Label `fig:test' multiply defined.


LaTeX Warning: Label `fig:test' multiply defined.


LaTeX Warning: Label `fig:test' multiply defined.


LaTeX Warning: Label `fig:test' multiply defined.


LaTeX Warning: Label `fig:test' multiply defined.

)
\openout1 = `"Player Handbook.aux"'.

LaTeX Font Info:    Checking defaults for OML/cmm/m/it on input line 7.
LaTeX Font Info:    ... okay on input line 7.
LaTeX Font Info:    Checking defaults for T1/cmr/m/n on input line 7.
LaTeX Font Info:    ... okay on input line 7.
LaTeX Font Info:    Checking defaults for OT1/cmr/m/n on input line 7.
LaTeX Font Info:    ... okay on input line 7.
LaTeX Font Info:    Checking defaults for OMS/cmsy/m/n on input line 7.
LaTeX Font Info:    ... okay on input line 7.
LaTeX Font Info:    Checking defaults for OMX/cmex/m/n on input line 7.
LaTeX Font Info:    ... okay on input line 7.
LaTeX Font Info:    Checking defaults for U/cmr/m/n on input line 7.
LaTeX Font Info:    ... okay on input line 7.
 ("C:\Program Files\MiKTeX 2.9\tex\context\base\supp-pdf.mkii"
[Loading MPS to PDF converter (version 2006.09.02).]
\scratchcounter=\count97
\scratchdimen=\dimen118
\scratchbox=\box30
\nofMPsegments=\count98
\nofMParguments=\count99
\everyMPshowfont=\toks19
\MPscratchCnt=\count100
\MPscratchDim=\dimen119
\MPnumerator=\count101
\makeMPintoPDFobject=\count102
\everyMPtoPDFconversion=\toks20
) ("C:\Program Files\MiKTeX 2.9\tex\generic\oberdiek\pdftexcmds.sty"
Package: pdftexcmds 2017/03/19 v0.25 Utility functions of pdfTeX for LuaTeX (HO
)

("C:\Program Files\MiKTeX 2.9\tex\generic\oberdiek\ifluatex.sty"
Package: ifluatex 2016/05/16 v1.4 Provides the ifluatex switch (HO)
Package ifluatex Info: LuaTeX not detected.
)
("C:\Program Files\MiKTeX 2.9\tex\generic\oberdiek\ifpdf.sty"
Package: ifpdf 2017/03/15 v3.2 Provides the ifpdf switch
)
Package pdftexcmds Info: LuaTeX not detected.
Package pdftexcmds Info: \pdf@primitive is available.
Package pdftexcmds Info: \pdf@ifprimitive is available.
Package pdftexcmds Info: \pdfdraftmode found.
)
("C:\Program Files\MiKTeX 2.9\tex\latex\oberdiek\epstopdf-base.sty"
Package: epstopdf-base 2016/05/15 v2.6 Base part for package epstopdf

("C:\Program Files\MiKTeX 2.9\tex\latex\oberdiek\grfext.sty"
Package: grfext 2016/05/16 v1.2 Manage graphics extensions (HO)

("C:\Program Files\MiKTeX 2.9\tex\generic\oberdiek\kvdefinekeys.sty"
Package: kvdefinekeys 2016/05/16 v1.4 Define keys (HO)
))
("C:\Program Files\MiKTeX 2.9\tex\latex\oberdiek\kvoptions.sty"
Package: kvoptions 2016/05/16 v3.12 Key value format for package options (HO)

("C:\Program Files\MiKTeX 2.9\tex\generic\oberdiek\kvsetkeys.sty"
Package: kvsetkeys 2016/05/16 v1.17 Key value parser (HO)

("C:\Program Files\MiKTeX 2.9\tex\generic\oberdiek\etexcmds.sty"
Package: etexcmds 2016/05/16 v1.6 Avoid name clashes with e-TeX commands (HO)
Package etexcmds Info: Could not find \expanded.
(etexcmds)             That can mean that you are not using pdfTeX 1.50 or
(etexcmds)             that some package has redefined \expanded.
(etexcmds)             In the latter case, load this package earlier.
)))
Package epstopdf-base Info: Redefining graphics rule for `.eps' on input line 4
38.
Package grfext Info: Graphics extension search list:
(grfext)             [.png,.pdf,.jpg,.mps,.jpeg,.jbig2,.jb2,.PNG,.PDF,.JPG,.JPE
G,.JBIG2,.JB2,.eps]
(grfext)             \AppendGraphicsExtensions on input line 456.
)
Package caption Info: Begin \AtBeginDocument code.
Package caption Info: floatrow package is loaded.
Package caption Info: float package is loaded.
Package caption Info: floatrow package is loaded.
Package caption Info: End \AtBeginDocument code.

("C:\Program Files\MiKTeX 2.9\tex\latex\graphics\color.sty"
Package: color 2016/07/10 v1.1e Standard LaTeX Color (DPC)

("C:\Program Files\MiKTeX 2.9\tex\latex\graphics-cfg\color.cfg"
File: color.cfg 2016/01/02 v1.6 sample color configuration
)
Package color Info: Driver file: pdftex.def on input line 147.
)
Underfull \hbox (badness 10000) in paragraph at lines 8--13

 []


Underfull \hbox (badness 10000) in paragraph at lines 8--13

 []


Underfull \hbox (badness 10000) in paragraph at lines 8--13

 []


Underfull \hbox (badness 10000) in paragraph at lines 18--20

 []


Underfull \hbox (badness 10000) in paragraph at lines 27--29

 []

[1

{C:/ProgramData/MiKTeX/2.9/pdftex/config/pdftex.map}]
Underfull \hbox (badness 10000) in paragraph at lines 30--32

 []

[2]
Underfull \hbox (badness 10000) in paragraph at lines 39--41

 []


Underfull \hbox (badness 10000) in paragraph at lines 42--43

 []

LaTeX Font Info:    Try loading font information for OMS+cmr on input line 49.
("C:\Program Files\MiKTeX 2.9\tex\latex\base\omscmr.fd"
File: omscmr.fd 2014/09/29 v2.5h Standard LaTeX font definitions
)
LaTeX Font Info:    Font shape `OMS/cmr/m/n' in size <12> not available
(Font)              Font shape `OMS/cmsy/m/n' tried instead on input line 49.
 [3]
Underfull \hbox (badness 10000) in paragraph at lines 69--70

 []


Underfull \hbox (badness 10000) in paragraph at lines 71--73

 []

<Altmer.png, id=15, 361.35pt x 405.9165pt>
File: Altmer.png Graphic file (type png)
 <use Altmer.png>
Package pdftex.def Info: Altmer.png used on input line 77.
(pdftex.def)             Requested size: 195.0pt x 219.0492pt.
 [4 <./Altmer.png>]
LaTeX Font Info:    External font `cmex10' loaded for size
(Font)              <12> on input line 85.
LaTeX Font Info:    External font `cmex10' loaded for size
(Font)              <8> on input line 85.
LaTeX Font Info:    External font `cmex10' loaded for size
(Font)              <6> on input line 85.

Underfull \hbox (badness 10000) in paragraph at lines 84--91

 []


Overfull \hbox (26.30907pt too wide) in paragraph at lines 84--91
[] 
 []


Underfull \hbox (badness 10000) in paragraph at lines 84--91

 []


Underfull \hbox (badness 10000) in paragraph at lines 94--95

 []

<Argonian.png, id=19, 542.025pt x 451.6875pt>
File: Argonian.png Graphic file (type png)
 <use Argonian.png>
Package pdftex.def Info: Argonian.png used on input line 99.
(pdftex.def)             Requested size: 195.0pt x 162.49709pt.

Underfull \hbox (badness 1038) in paragraph at lines 102--103
\OT1/cmr/m/n/12 most ex-perts in guer-rilla war-fare
 []

[5 <./Argonian.png>]
Underfull \hbox (badness 10000) in paragraph at lines 104--111

 []


Overfull \hbox (26.30907pt too wide) in paragraph at lines 104--111
[] 
 []


Underfull \hbox (badness 10000) in paragraph at lines 104--111

 []


Underfull \hbox (badness 10000) in paragraph at lines 114--115

 []

<Bosmer.png, id=23, 542.025pt x 766.66425pt>
File: Bosmer.png Graphic file (type png)
 <use Bosmer.png>
Package pdftex.def Info: Bosmer.png used on input line 119.
(pdftex.def)             Requested size: 195.0pt x 275.81175pt.

Underfull \hbox (badness 6927) in paragraph at lines 122--123
[][]\OT1/cmr/m/n/12 The Bosmer are the El-ven
 []


Underfull \hbox (badness 3525) in paragraph at lines 122--123
\OT1/cmr/m/n/12 In the Em-pire, they are of-ten
 []


Underfull \hbox (badness 1817) in paragraph at lines 122--123
\OT1/cmr/m/n/12 re-ferred to as Wood Elves, but
 []

[6 <./Bosmer.png>]
Underfull \hbox (badness 10000) in paragraph at lines 126--133

 []


Overfull \hbox (26.30907pt too wide) in paragraph at lines 126--133
[] 
 []


Underfull \hbox (badness 10000) in paragraph at lines 126--133

 []


Underfull \hbox (badness 10000) in paragraph at lines 136--137

 []

<Breton.png, id=27, 464.33475pt x 553.46774pt>
File: Breton.png Graphic file (type png)
 <use Breton.png>
Package pdftex.def Info: Breton.png used on input line 141.
(pdftex.def)             Requested size: 155.99762pt x 185.93855pt.

Underfull \hbox (badness 10000) in paragraph at lines 138--142
\OT1/cmr/m/it/12 Breton
 []

[7 <./Breton.png>]
Underfull \hbox (badness 10000) in paragraph at lines 146--153

 []


Overfull \hbox (26.30907pt too wide) in paragraph at lines 146--153
[] 
 []


Underfull \hbox (badness 10000) in paragraph at lines 146--153

 []


Underfull \hbox (badness 10000) in paragraph at lines 156--157

 []

<Dunmer.png, id=32, 142.131pt x 202.95825pt>
File: Dunmer.png Graphic file (type png)
 <use Dunmer.png>
Package pdftex.def Info: Dunmer.png used on input line 161.
(pdftex.def)             Requested size: 155.99762pt x 222.76544pt.

Underfull \hbox (badness 10000) in paragraph at lines 158--162
\OT1/cmr/m/it/12 Dunmer
 []

[8 <./Dunmer.png>]
Underfull \hbox (badness 10000) in paragraph at lines 168--175

 []


Overfull \hbox (26.30907pt too wide) in paragraph at lines 168--175
[] 
 []


Underfull \hbox (badness 10000) in paragraph at lines 168--175

 []


Underfull \hbox (badness 10000) in paragraph at lines 178--179

 []

<Imperial.png, id=36, 289.68225pt x 247.52475pt>
File: Imperial.png Graphic file (type png)
 <use Imperial.png>
Package pdftex.def Info: Imperial.png used on input line 183.
(pdftex.def)             Requested size: 195.0pt x 166.62631pt.

Underfull \hbox (badness 10000) in paragraph at lines 180--184
\OT1/cmr/m/it/12 Imperial
 []


Underfull \hbox (badness 1629) in paragraph at lines 186--187
\OT1/cmr/m/n/12 rodil-ics, Cyro-Nordics and Im-pe-
 []


Underfull \hbox (badness 1533) in paragraph at lines 186--187
\OT1/cmr/m/n/12 tives of the civ-i-lized, cos-mopoli-
 []


Underfull \hbox (badness 10000) in paragraph at lines 188--195

 []


Overfull \hbox (26.30907pt too wide) in paragraph at lines 188--195
[] 
 []


Underfull \hbox (badness 10000) in paragraph at lines 188--195

 []

[9 <./Imperial.png>]
Underfull \hbox (badness 10000) in paragraph at lines 198--199

 []

<Khajiit.png, id=40, 258.36525pt x 320.99925pt>
File: Khajiit.png Graphic file (type png)
 <use Khajiit.png>
Package pdftex.def Info: Khajiit.png used on input line 203.
(pdftex.def)             Requested size: 195.0pt x 242.27702pt.

Underfull \hbox (badness 10000) in paragraph at lines 200--204
\OT1/cmr/m/it/12 Khajiit
 []


Underfull \hbox (badness 3250) in paragraph at lines 208--209
\OT1/cmr/m/n/12 from both men and elves, not
 []


Underfull \hbox (badness 3058) in paragraph at lines 208--209
\OT1/cmr/m/n/12 only be-cause of their fur, tail,
 []


Underfull \hbox (badness 1024) in paragraph at lines 208--209
\OT1/cmr/m/n/12 metabolism. Kha-jiit, Ar-goni-ans,
 []


Underfull \hbox (badness 10000) in paragraph at lines 210--217

 []


Overfull \hbox (26.30907pt too wide) in paragraph at lines 210--217
[] 
 []


Underfull \hbox (badness 10000) in paragraph at lines 210--217

 []

[10 <./Khajiit.png>]
Underfull \hbox (badness 10000) in paragraph at lines 220--221

 []

<Nord.png, id=44, 210.7875pt x 210.7875pt>
File: Nord.png Graphic file (type png)
 <use Nord.png>
Package pdftex.def Info: Nord.png used on input line 225.
(pdftex.def)             Requested size: 195.0pt x 195.00433pt.

Underfull \hbox (badness 10000) in paragraph at lines 222--226
\OT1/cmr/m/it/12 Nord
 []


Underfull \hbox (badness 10000) in paragraph at lines 230--237

 []


Overfull \hbox (26.30907pt too wide) in paragraph at lines 230--237
[] 
 []


Underfull \hbox (badness 10000) in paragraph at lines 230--237

 []


Underfull \hbox (badness 10000) in paragraph at lines 240--241

 []

[11 <./Nord.png>] <Orc.png, id=48, 311.9655pt x 425.1885pt>
File: Orc.png Graphic file (type png)
 <use Orc.png>
Package pdftex.def Info: Orc.png used on input line 245.
(pdftex.def)             Requested size: 195.0pt x 265.78108pt.

Underfull \hbox (badness 10000) in paragraph at lines 242--246
\OT1/cmr/m/it/12 Orc
 []


Underfull \hbox (badness 2460) in paragraph at lines 248--249
[]\OT1/cmr/m/n/12 Orcs, also called Or-simer or
 []


Underfull \hbox (badness 1603) in paragraph at lines 248--249
\OT1/cmr/m/n/12 so-phis-ti-cated, beast-like peo-ple of
 []


Underfull \hbox (badness 3557) in paragraph at lines 248--249
\OT1/cmr/m/n/12 Orsinium (lit-er-ally trans-lated as
 []


Underfull \hbox (badness 10000) in paragraph at lines 250--257

 []


Overfull \hbox (26.30907pt too wide) in paragraph at lines 250--257
[] 
 []


Underfull \hbox (badness 10000) in paragraph at lines 250--257

 []


Underfull \hbox (badness 10000) in paragraph at lines 260--261

 []

[12 <./Orc.png>] <Redguard.png, id=52, 385.44pt x 367.3725pt>
File: Redguard.png Graphic file (type png)

<use Redguard.png>
Package pdftex.def Info: Redguard.png used on input line 265.
(pdftex.def)             Requested size: 195.0pt x 185.85516pt.

Underfull \hbox (badness 10000) in paragraph at lines 262--266
\OT1/cmr/m/it/12 Redguard
 []


Underfull \hbox (badness 10000) in paragraph at lines 270--277

 []


Overfull \hbox (26.30907pt too wide) in paragraph at lines 270--277
[] 
 []


Underfull \hbox (badness 10000) in paragraph at lines 270--277

 []


Underfull \hbox (badness 10000) in paragraph at lines 280--281

 []

[13 <./Redguard.png>]
Underfull \hbox (badness 10000) in paragraph at lines 284--286

 []


Underfull \hbox (badness 10000) in paragraph at lines 284--286

 []

<Ritual.png, id=57, 308.352pt x 231.264pt>
File: Ritual.png Graphic file (type png)
 <use Ritual.png>
Package pdftex.def Info: Ritual.png used on input line 288.
(pdftex.def)             Requested size: 234.00238pt x 175.50485pt.

<Lover.png, id=58, 308.352pt x 240.9pt>
File: Lover.png Graphic file (type png)
 <use Lover.png>
Package pdftex.def Info: Lover.png used on input line 294.
(pdftex.def)             Requested size: 234.00238pt x 182.81755pt.
 [14 <./Ritual.png>]
<Lord.png, id=62, 308.352pt x 245.718pt>
File: Lord.png Graphic file (type png)
 <use Lord.png>
Package pdftex.def Info: Lord.png used on input line 300.
(pdftex.def)             Requested size: 234.00238pt x 186.4739pt.

<Mage.png, id=63, 308.352pt x 245.718pt>
File: Mage.png Graphic file (type png)
 <use Mage.png>
Package pdftex.def Info: Mage.png used on input line 306.
(pdftex.def)             Requested size: 234.00238pt x 186.4739pt.
 [15 <./Lover.png> <./Lord.png>] <Shadow.png, id=67, 308.352pt x 239.6955pt>
File: Shadow.png Graphic file (type png)
 <use Shadow.png>
Package pdftex.def Info: Shadow.png used on input line 312.
(pdftex.def)             Requested size: 234.00238pt x 181.90346pt.

<Steed.png, id=68, 308.352pt x 261.97874pt>
File: Steed.png Graphic file (type png)
 <use Steed.png>
Package pdftex.def Info: Steed.png used on input line 318.
(pdftex.def)             Requested size: 234.00238pt x 198.81409pt.
 [16 <./Mage.png> <./Shadow.png>] <Apprentice.png, id=72, 308.352pt x 230.66174
pt>
File: Apprentice.png Graphic file (type png)

<use Apprentice.png>
Package pdftex.def Info: Apprentice.png used on input line 324.
(pdftex.def)             Requested size: 234.00238pt x 175.04779pt.
 <Warrior.png, id=73, 308.352pt x 255.354pt>
File: Warrior.png Graphic file (type png)

<use Warrior.png>
Package pdftex.def Info: Warrior.png used on input line 330.
(pdftex.def)             Requested size: 234.00238pt x 193.78662pt.
 [17 <./Steed.png> <./Apprentice.png>]
<Lady.png, id=77, 308.352pt x 231.264pt>
File: Lady.png Graphic file (type png)
 <use Lady.png>
Package pdftex.def Info: Lady.png used on input line 336.
(pdftex.def)             Requested size: 234.00238pt x 175.50485pt.

<Tower.png, id=78, 308.352pt x 236.082pt>
File: Tower.png Graphic file (type png)
 <use Tower.png>
Package pdftex.def Info: Tower.png used on input line 342.
(pdftex.def)             Requested size: 234.00238pt x 179.1612pt.
 [18 <./Warrior.png> <./Lady.png>] <Atronach.png, id=82, 308.352pt x 240.29774p
t>
File: Atronach.png Graphic file (type png)
 <use Atronach.png>
Package pdftex.def Info: Atronach.png used on input line 348.
(pdftex.def)             Requested size: 195.0pt x 151.96404pt.

<Thief.png, id=83, 308.352pt x 261.97874pt>
File: Thief.png Graphic file (type png)
 <use Thief.png>
Package pdftex.def Info: Thief.png used on input line 354.
(pdftex.def)             Requested size: 195.0pt x 165.67508pt.
 [19 <./Tower.png> <./Atronach.png>] <Serpent.png, id=88, 308.352pt x 239.6955p
t>
File: Serpent.png Graphic file (type png)

<use Serpent.png>
Package pdftex.def Info: Serpent.png used on input line 360.
(pdftex.def)             Requested size: 195.0pt x 151.58318pt.
 [20 <./Thief.png> <./Serpent.png>]
Underfull \hbox (badness 10000) in paragraph at lines 377--378

 []


Underfull \hbox (badness 1365) in paragraph at lines 390--390
\OT1/cmr/m/n/12 and en-durance to their ad-van-tage.
 []


Underfull \hbox (badness 3579) in paragraph at lines 390--390
[]\OT1/cmr/m/n/12 Skills: Ac-ro-bat-ics, Blade, Block,
 []


Underfull \hbox (badness 10000) in paragraph at lines 390--390
\OT1/cmr/m/n/12 Marks-man, Se-cu-rity, Sneak,
 []

<Acrobat.png, id=92, 246.9225pt x 337.26pt>
File: Acrobat.png Graphic file (type png)
 <use Acrobat.png>
Package pdftex.def Info: Acrobat.png used on input line 390.
(pdftex.def)             Requested size: 175.49881pt x 239.70328pt.

Underfull \hbox (badness 1365) in paragraph at lines 390--390
\OT1/cmr/m/n/12 and en-durance to their ad-van-tage.
 []


Underfull \hbox (badness 3579) in paragraph at lines 390--390
[]\OT1/cmr/m/n/12 Skills: Ac-ro-bat-ics, Blade, Block,
 []


Underfull \hbox (badness 10000) in paragraph at lines 390--390
\OT1/cmr/m/n/12 Marks-man, Se-cu-rity, Sneak,
 []

File: Acrobat.png Graphic file (type png)
<use Acrobat.png>
Package pdftex.def Info: Acrobat.png used on input line 390.
(pdftex.def)             Requested size: 175.49881pt x 239.70328pt.

Underfull \hbox (badness 1365) in paragraph at lines 390--390
\OT1/cmr/m/n/12 and en-durance to their ad-van-tage.
 []


Underfull \hbox (badness 3579) in paragraph at lines 390--390
[]\OT1/cmr/m/n/12 Skills: Ac-ro-bat-ics, Blade, Block,
 []


Underfull \hbox (badness 10000) in paragraph at lines 390--390
\OT1/cmr/m/n/12 Marks-man, Se-cu-rity, Sneak,
 []

File: Acrobat.png Graphic file (type png)
<use Acrobat.png>
Package pdftex.def Info: Acrobat.png used on input line 390.
(pdftex.def)             Requested size: 175.49881pt x 239.70328pt.

Underfull \hbox (badness 2932) in paragraph at lines 404--404
\OT1/cmr/m/n/12 man, Mer-can-tile, Se-cu-rity, Sneak,
 []

<Agent.png, id=93, 246.9225pt x 337.26pt>
File: Agent.png Graphic file (type png)
 <use Agent.png>
Package pdftex.def Info: Agent.png used on input line 404.
(pdftex.def)             Requested size: 175.49881pt x 239.70328pt.

Underfull \hbox (badness 2932) in paragraph at lines 404--404
\OT1/cmr/m/n/12 man, Mer-can-tile, Se-cu-rity, Sneak,
 []

File: Agent.png Graphic file (type png)
<use Agent.png>
Package pdftex.def Info: Agent.png used on input line 404.
(pdftex.def)             Requested size: 175.49881pt x 239.70328pt.

Underfull \hbox (badness 2932) in paragraph at lines 404--404
\OT1/cmr/m/n/12 man, Mer-can-tile, Se-cu-rity, Sneak,
 []

File: Agent.png Graphic file (type png)
<use Agent.png>
Package pdftex.def Info: Agent.png used on input line 404.
(pdftex.def)             Requested size: 175.49881pt x 239.70328pt.
 [21 <./Acrobat.png>]
Underfull \hbox (badness 1331) in paragraph at lines 418--418
\OT1/cmr/m/n/12 to-Hand, Light Ar-mor, Marks-man,
 []

<Archer.png, id=97, 246.9225pt x 337.26pt>
File: Archer.png Graphic file (type png)
 <use Archer.png>
Package pdftex.def Info: Archer.png used on input line 418.
(pdftex.def)             Requested size: 175.49881pt x 239.70328pt.

Underfull \hbox (badness 1331) in paragraph at lines 418--418
\OT1/cmr/m/n/12 to-Hand, Light Ar-mor, Marks-man,
 []

File: Archer.png Graphic file (type png)
<use Archer.png>
Package pdftex.def Info: Archer.png used on input line 418.
(pdftex.def)             Requested size: 175.49881pt x 239.70328pt.

Underfull \hbox (badness 1331) in paragraph at lines 418--418
\OT1/cmr/m/n/12 to-Hand, Light Ar-mor, Marks-man,
 []

File: Archer.png Graphic file (type png)
<use Archer.png>
Package pdftex.def Info: Archer.png used on input line 418.
(pdftex.def)             Requested size: 175.49881pt x 239.70328pt.

Underfull \hbox (badness 1675) in paragraph at lines 432--432
\OT1/cmr/m/n/12 Light Ar-mor, Marks-man, Se-cu-rity,
 []

<Assassin.png, id=98, 246.9225pt x 337.26pt>
File: Assassin.png Graphic file (type png)
 <use Assassin.png>
Package pdftex.def Info: Assassin.png used on input line 432.
(pdftex.def)             Requested size: 175.49881pt x 239.70328pt.

Underfull \hbox (badness 1675) in paragraph at lines 432--432
\OT1/cmr/m/n/12 Light Ar-mor, Marks-man, Se-cu-rity,
 []

File: Assassin.png Graphic file (type png)
<use Assassin.png>
Package pdftex.def Info: Assassin.png used on input line 432.
(pdftex.def)             Requested size: 175.49881pt x 239.70328pt.

Underfull \hbox (badness 1675) in paragraph at lines 432--432
\OT1/cmr/m/n/12 Light Ar-mor, Marks-man, Se-cu-rity,
 []

File: Assassin.png Graphic file (type png)
<use Assassin.png>
Package pdftex.def Info: Assassin.png used on input line 432.
(pdftex.def)             Requested size: 175.49881pt x 239.70328pt.
 [22 <./Agent.png> <./Archer.png>]
Underfull \hbox (badness 1377) in paragraph at lines 446--446
\OT1/cmr/m/n/12 Like a storm, swift and pow-er-ful.
 []


Underfull \hbox (badness 1859) in paragraph at lines 446--446
[]\OT1/cmr/m/n/12 Skills: Ar-morer, Ath-let-ics, Blade,
 []

<Barbarian.png, id=102, 246.9225pt x 337.26pt>
File: Barbarian.png Graphic file (type png)
 <use Barbarian.png>
Package pdftex.def Info: Barbarian.png used on input line 446.
(pdftex.def)             Requested size: 175.49881pt x 239.70328pt.

Underfull \hbox (badness 1377) in paragraph at lines 446--446
\OT1/cmr/m/n/12 Like a storm, swift and pow-er-ful.
 []


Underfull \hbox (badness 1859) in paragraph at lines 446--446
[]\OT1/cmr/m/n/12 Skills: Ar-morer, Ath-let-ics, Blade,
 []

File: Barbarian.png Graphic file (type png)
<use Barbarian.png>
Package pdftex.def Info: Barbarian.png used on input line 446.
(pdftex.def)             Requested size: 175.49881pt x 239.70328pt.

Underfull \hbox (badness 1377) in paragraph at lines 446--446
\OT1/cmr/m/n/12 Like a storm, swift and pow-er-ful.
 []


Underfull \hbox (badness 1859) in paragraph at lines 446--446
[]\OT1/cmr/m/n/12 Skills: Ar-morer, Ath-let-ics, Blade,
 []

File: Barbarian.png Graphic file (type png)
<use Barbarian.png>
Package pdftex.def Info: Barbarian.png used on input line 446.
(pdftex.def)             Requested size: 175.49881pt x 239.70328pt.

Underfull \hbox (badness 1077) in paragraph at lines 460--460
[]\OT1/cmr/m/n/12 Skills: Alchemy, Blade, Block, Il-
 []


Underfull \hbox (badness 7047) in paragraph at lines 460--460
\OT1/cmr/m/n/12 lu-sion, Light Ar-mor, Mer-can-tile,
 []

<Bard.png, id=103, 246.9225pt x 337.26pt>
File: Bard.png Graphic file (type png)
 <use Bard.png>
Package pdftex.def Info: Bard.png used on input line 460.
(pdftex.def)             Requested size: 175.49881pt x 239.70328pt.

Underfull \hbox (badness 1077) in paragraph at lines 460--460
[]\OT1/cmr/m/n/12 Skills: Alchemy, Blade, Block, Il-
 []


Underfull \hbox (badness 7047) in paragraph at lines 460--460
\OT1/cmr/m/n/12 lu-sion, Light Ar-mor, Mer-can-tile,
 []

File: Bard.png Graphic file (type png)
<use Bard.png>
Package pdftex.def Info: Bard.png used on input line 460.
(pdftex.def)             Requested size: 175.49881pt x 239.70328pt.

Underfull \hbox (badness 1077) in paragraph at lines 460--460
[]\OT1/cmr/m/n/12 Skills: Alchemy, Blade, Block, Il-
 []


Underfull \hbox (badness 7047) in paragraph at lines 460--460
\OT1/cmr/m/n/12 lu-sion, Light Ar-mor, Mer-can-tile,
 []

File: Bard.png Graphic file (type png)
<use Bard.png>
Package pdftex.def Info: Bard.png used on input line 460.
(pdftex.def)             Requested size: 175.49881pt x 239.70328pt.
 [23 <./Assassin.png> <./Barbarian.png>]
<Battlemage.png, id=107, 246.9225pt x 337.26pt>
File: Battlemage.png Graphic file (type png)
 <use Battlemage.png>
Package pdftex.def Info: Battlemage.png used on input line 474.
(pdftex.def)             Requested size: 175.49881pt x 239.70328pt.
File: Battlemage.png Graphic file (type png)

<use Battlemage.png>
Package pdftex.def Info: Battlemage.png used on input line 474.
(pdftex.def)             Requested size: 175.49881pt x 239.70328pt.
File: Battlemage.png Graphic file (type png)
 <use Battlemage.png>
Package pdftex.def Info: Battlemage.png used on input line 474.
(pdftex.def)             Requested size: 175.49881pt x 239.70328pt.

<Crusader.png, id=108, 246.9225pt x 337.26pt>
File: Crusader.png Graphic file (type png)
 <use Crusader.png>
Package pdftex.def Info: Crusader.png used on input line 488.
(pdftex.def)             Requested size: 175.49881pt x 239.70328pt.
File: Crusader.png Graphic file (type png)

<use Crusader.png>
Package pdftex.def Info: Crusader.png used on input line 488.
(pdftex.def)             Requested size: 175.49881pt x 239.70328pt.
File: Crusader.png Graphic file (type png)
 <use Crusader.png>
Package pdftex.def Info: Crusader.png used on input line 488.
(pdftex.def)             Requested size: 175.49881pt x 239.70328pt.
 [24 <./Bard.png> <./Battlemage.png>]
<Healer.png, id=112, 246.9225pt x 337.26pt>
File: Healer.png Graphic file (type png)
 <use Healer.png>
Package pdftex.def Info: Healer.png used on input line 502.
(pdftex.def)             Requested size: 175.49881pt x 239.70328pt.
File: Healer.png Graphic file (type png)
 <use Healer.png>
Package pdftex.def Info: Healer.png used on input line 502.
(pdftex.def)             Requested size: 175.49881pt x 239.70328pt.
File: Healer.png Graphic file (type png)

<use Healer.png>
Package pdftex.def Info: Healer.png used on input line 502.
(pdftex.def)             Requested size: 175.49881pt x 239.70328pt.

Underfull \hbox (badness 6927) in paragraph at lines 516--516
\OT1/cmr/m/n/12 to-Hand, Heavy Ar-mor, Il-lu-sion,
 []

<Knight.png, id=113, 246.9225pt x 337.26pt>
File: Knight.png Graphic file (type png)
 <use Knight.png>
Package pdftex.def Info: Knight.png used on input line 516.
(pdftex.def)             Requested size: 175.49881pt x 239.70328pt.

Underfull \hbox (badness 6927) in paragraph at lines 516--516
\OT1/cmr/m/n/12 to-Hand, Heavy Ar-mor, Il-lu-sion,
 []

File: Knight.png Graphic file (type png)
<use Knight.png>
Package pdftex.def Info: Knight.png used on input line 516.
(pdftex.def)             Requested size: 175.49881pt x 239.70328pt.

Underfull \hbox (badness 6927) in paragraph at lines 516--516
\OT1/cmr/m/n/12 to-Hand, Heavy Ar-mor, Il-lu-sion,
 []

File: Knight.png Graphic file (type png)
<use Knight.png>
Package pdftex.def Info: Knight.png used on input line 516.
(pdftex.def)             Requested size: 175.49881pt x 239.70328pt.
 [25 <./Crusader.png> <./Healer.png>]
Underfull \hbox (badness 5726) in paragraph at lines 530--530
[]\OT1/cmr/m/n/12 Preferring to use their ex-ten-sive
 []

<Mageclass.png, id=118, 246.9225pt x 337.26pt>
File: Mageclass.png Graphic file (type png)
 <use Mageclass.png>
Package pdftex.def Info: Mageclass.png used on input line 530.
(pdftex.def)             Requested size: 175.49881pt x 239.70328pt.

Underfull \hbox (badness 5726) in paragraph at lines 530--530
[]\OT1/cmr/m/n/12 Preferring to use their ex-ten-sive
 []

File: Mageclass.png Graphic file (type png)
<use Mageclass.png>
Package pdftex.def Info: Mageclass.png used on input line 530.
(pdftex.def)             Requested size: 175.49881pt x 239.70328pt.

Underfull \hbox (badness 5726) in paragraph at lines 530--530
[]\OT1/cmr/m/n/12 Preferring to use their ex-ten-sive
 []

File: Mageclass.png Graphic file (type png)
<use Mageclass.png>
Package pdftex.def Info: Mageclass.png used on input line 530.
(pdftex.def)             Requested size: 175.49881pt x 239.70328pt.
 <Monk.png, id=119, 246.9225pt x 337.26pt>
File: Monk.png Graphic file (type png)
 <use Monk.png>
Package pdftex.def Info: Monk.png used on input line 544.
(pdftex.def)             Requested size: 175.49881pt x 239.70328pt.
File: Monk.png Graphic file (type png)

<use Monk.png>
Package pdftex.def Info: Monk.png used on input line 544.
(pdftex.def)             Requested size: 175.49881pt x 239.70328pt.
File: Monk.png Graphic file (type png)
 <use Monk.png>
Package pdftex.def Info: Monk.png used on input line 544.
(pdftex.def)             Requested size: 175.49881pt x 239.70328pt.
 [26 <./Knight.png> <./Mageclass.png>]
<Nightblade.png, id=123, 246.9225pt x 337.26pt>
File: Nightblade.png Graphic file (type png)
 <use Nightblade.png>
Package pdftex.def Info: Nightblade.png used on input line 558.
(pdftex.def)             Requested size: 175.49881pt x 239.70328pt.
File: Nightblade.png Graphic file (type png)

<use Nightblade.png>
Package pdftex.def Info: Nightblade.png used on input line 558.
(pdftex.def)             Requested size: 175.49881pt x 239.70328pt.
File: Nightblade.png Graphic file (type png)
 <use Nightblade.png>
Package pdftex.def Info: Nightblade.png used on input line 558.
(pdftex.def)             Requested size: 175.49881pt x 239.70328pt.

Underfull \hbox (badness 10000) in paragraph at lines 572--572
[]\OT1/cmr/m/n/12 Skills: Ar-morer, Block, Blunt,
 []


Underfull \hbox (badness 1694) in paragraph at lines 572--572
\OT1/cmr/m/n/12 Light Ar-mor, Mer-can-tile, Se-cu-rity,
 []

<Pilgrim.png, id=124, 246.9225pt x 337.26pt>
File: Pilgrim.png Graphic file (type png)
 <use Pilgrim.png>
Package pdftex.def Info: Pilgrim.png used on input line 572.
(pdftex.def)             Requested size: 175.49881pt x 239.70328pt.

Underfull \hbox (badness 10000) in paragraph at lines 572--572
[]\OT1/cmr/m/n/12 Skills: Ar-morer, Block, Blunt,
 []


Underfull \hbox (badness 1694) in paragraph at lines 572--572
\OT1/cmr/m/n/12 Light Ar-mor, Mer-can-tile, Se-cu-rity,
 []

File: Pilgrim.png Graphic file (type png)
<use Pilgrim.png>
Package pdftex.def Info: Pilgrim.png used on input line 572.
(pdftex.def)             Requested size: 175.49881pt x 239.70328pt.

Underfull \hbox (badness 10000) in paragraph at lines 572--572
[]\OT1/cmr/m/n/12 Skills: Ar-morer, Block, Blunt,
 []


Underfull \hbox (badness 1694) in paragraph at lines 572--572
\OT1/cmr/m/n/12 Light Ar-mor, Mer-can-tile, Se-cu-rity,
 []

File: Pilgrim.png Graphic file (type png)
<use Pilgrim.png>
Package pdftex.def Info: Pilgrim.png used on input line 572.
(pdftex.def)             Requested size: 175.49881pt x 239.70328pt.
 [27 <./Monk.png> <./Nightblade.png>]
Underfull \hbox (badness 1859) in paragraph at lines 586--586
[]\OT1/cmr/m/n/12 Skills: Alchemy, Ath-let-ics, Blade,
 []

<Rogue.png, id=128, 246.9225pt x 337.26pt>
File: Rogue.png Graphic file (type png)
 <use Rogue.png>
Package pdftex.def Info: Rogue.png used on input line 586.
(pdftex.def)             Requested size: 175.49881pt x 239.70328pt.

Underfull \hbox (badness 1859) in paragraph at lines 586--586
[]\OT1/cmr/m/n/12 Skills: Alchemy, Ath-let-ics, Blade,
 []

File: Rogue.png Graphic file (type png)
<use Rogue.png>
Package pdftex.def Info: Rogue.png used on input line 586.
(pdftex.def)             Requested size: 175.49881pt x 239.70328pt.

Underfull \hbox (badness 1859) in paragraph at lines 586--586
[]\OT1/cmr/m/n/12 Skills: Alchemy, Ath-let-ics, Blade,
 []

File: Rogue.png Graphic file (type png)
<use Rogue.png>
Package pdftex.def Info: Rogue.png used on input line 586.
(pdftex.def)             Requested size: 175.49881pt x 239.70328pt.
 <Scout.png, id=129, 246.9225pt x 337.26pt>
File: Scout.png Graphic file (type png)
 <use Scout.png>
Package pdftex.def Info: Scout.png used on input line 600.
(pdftex.def)             Requested size: 175.49881pt x 239.70328pt.
File: Scout.png Graphic file (type png)

<use Scout.png>
Package pdftex.def Info: Scout.png used on input line 600.
(pdftex.def)             Requested size: 175.49881pt x 239.70328pt.
File: Scout.png Graphic file (type png)
 <use Scout.png>
Package pdftex.def Info: Scout.png used on input line 600.
(pdftex.def)             Requested size: 175.49881pt x 239.70328pt.
 [28 <./Pilgrim.png> <./Rogue.png>]
<Sorcerer.png, id=133, 246.9225pt x 337.26pt>
File: Sorcerer.png Graphic file (type png)
 <use Sorcerer.png>
Package pdftex.def Info: Sorcerer.png used on input line 614.
(pdftex.def)             Requested size: 175.49881pt x 239.70328pt.
File: Sorcerer.png Graphic file (type png)

<use Sorcerer.png>
Package pdftex.def Info: Sorcerer.png used on input line 614.
(pdftex.def)             Requested size: 175.49881pt x 239.70328pt.
File: Sorcerer.png Graphic file (type png)
 <use Sorcerer.png>
Package pdftex.def Info: Sorcerer.png used on input line 614.
(pdftex.def)             Requested size: 175.49881pt x 239.70328pt.

Underfull \hbox (badness 4391) in paragraph at lines 628--628
[]\OT1/cmr/m/n/12 Skills: Al-ter-ation, Blade, Block,
 []

<Spellsword.png, id=134, 246.9225pt x 337.26pt>
File: Spellsword.png Graphic file (type png)
 <use Spellsword.png>
Package pdftex.def Info: Spellsword.png used on input line 628.
(pdftex.def)             Requested size: 175.49881pt x 239.70328pt.

Underfull \hbox (badness 4391) in paragraph at lines 628--628
[]\OT1/cmr/m/n/12 Skills: Al-ter-ation, Blade, Block,
 []

File: Spellsword.png Graphic file (type png)
<use Spellsword.png>
Package pdftex.def Info: Spellsword.png used on input line 628.
(pdftex.def)             Requested size: 175.49881pt x 239.70328pt.

Underfull \hbox (badness 4391) in paragraph at lines 628--628
[]\OT1/cmr/m/n/12 Skills: Al-ter-ation, Blade, Block,
 []

File: Spellsword.png Graphic file (type png)
<use Spellsword.png>
Package pdftex.def Info: Spellsword.png used on input line 628.
(pdftex.def)             Requested size: 175.49881pt x 239.70328pt.
 [29 <./Scout.png> <./Sorcerer.png>]
Underfull \hbox (badness 4479) in paragraph at lines 642--642
[]\OT1/cmr/m/n/12 Skills: Ac-ro-bat-ics, Light Ar-mor,
 []


Underfull \hbox (badness 10000) in paragraph at lines 642--642
\OT1/cmr/m/n/12 Marks-man, Mer-can-tile, Se-cu-rity,
 []

<Thiefclass.png, id=138, 246.9225pt x 337.26pt>
File: Thiefclass.png Graphic file (type png)
 <use Thiefclass.png>
Package pdftex.def Info: Thiefclass.png used on input line 642.
(pdftex.def)             Requested size: 175.49881pt x 239.70328pt.

Underfull \hbox (badness 4479) in paragraph at lines 642--642
[]\OT1/cmr/m/n/12 Skills: Ac-ro-bat-ics, Light Ar-mor,
 []


Underfull \hbox (badness 10000) in paragraph at lines 642--642
\OT1/cmr/m/n/12 Marks-man, Mer-can-tile, Se-cu-rity,
 []

File: Thiefclass.png Graphic file (type png)
<use Thiefclass.png>
Package pdftex.def Info: Thiefclass.png used on input line 642.
(pdftex.def)             Requested size: 175.49881pt x 239.70328pt.

Underfull \hbox (badness 4479) in paragraph at lines 642--642
[]\OT1/cmr/m/n/12 Skills: Ac-ro-bat-ics, Light Ar-mor,
 []


Underfull \hbox (badness 10000) in paragraph at lines 642--642
\OT1/cmr/m/n/12 Marks-man, Mer-can-tile, Se-cu-rity,
 []

File: Thiefclass.png Graphic file (type png)
<use Thiefclass.png>
Package pdftex.def Info: Thiefclass.png used on input line 642.
(pdftex.def)             Requested size: 175.49881pt x 239.70328pt.

Underfull \hbox (badness 1859) in paragraph at lines 656--656
[]\OT1/cmr/m/n/12 Skills: Ar-morer, Ath-let-ics, Blade,
 []

<Warriorclass.png, id=139, 246.9225pt x 337.26pt>
File: Warriorclass.png Graphic file (type png)
 <use Warriorclass.png>
Package pdftex.def Info: Warriorclass.png used on input line 656.
(pdftex.def)             Requested size: 175.49881pt x 239.70328pt.

Underfull \hbox (badness 1859) in paragraph at lines 656--656
[]\OT1/cmr/m/n/12 Skills: Ar-morer, Ath-let-ics, Blade,
 []

File: Warriorclass.png Graphic file (type png)
<use Warriorclass.png>
Package pdftex.def Info: Warriorclass.png used on input line 656.
(pdftex.def)             Requested size: 175.49881pt x 239.70328pt.

Underfull \hbox (badness 1859) in paragraph at lines 656--656
[]\OT1/cmr/m/n/12 Skills: Ar-morer, Ath-let-ics, Blade,
 []

File: Warriorclass.png Graphic file (type png)
<use Warriorclass.png>
Package pdftex.def Info: Warriorclass.png used on input line 656.
(pdftex.def)             Requested size: 175.49881pt x 239.70328pt.
 [30 <./Spellsword.png> <./Thiefclass.png>]
<Witchhunter.png, id=143, 246.9225pt x 337.26pt>
File: Witchhunter.png Graphic file (type png)
 <use Witchhunter.png>
Package pdftex.def Info: Witchhunter.png used on input line 670.
(pdftex.def)             Requested size: 175.49881pt x 239.70328pt.
File: Witchhunter.png Graphic file (type png)

<use Witchhunter.png>
Package pdftex.def Info: Witchhunter.png used on input line 670.
(pdftex.def)             Requested size: 175.49881pt x 239.70328pt.
File: Witchhunter.png Graphic file (type png)
 <use Witchhunter.png>
Package pdftex.def Info: Witchhunter.png used on input line 670.
(pdftex.def)             Requested size: 175.49881pt x 239.70328pt.
 [31 <./Warriorclass.png> <./Witchhunter.png>]
Overfull \hbox (59.95024pt too wide) in paragraph at lines 686--694
[][] 
 []


Underfull \hbox (badness 10000) in paragraph at lines 686--694

 []


Underfull \hbox (badness 10000) in paragraph at lines 686--694

 []

[32]
Underfull \hbox (badness 10000) in paragraph at lines 699--701

 []

[33] ("Player Handbook.aux")

LaTeX Warning: There were multiply-defined labels.

 ) 
Here is how much of TeX's memory you used:
 3421 strings out of 493328
 53076 string characters out of 3139127
 115654 words of memory out of 3000000
 6901 multiletter control sequences out of 15000+200000
 7030 words of font info for 25 fonts, out of 3000000 for 9000
 1141 hyphenation exceptions out of 8191
 39i,8n,51p,1100b,488s stack positions out of 5000i,500n,10000p,200000b,50000s
<C:/Program Files/MiKTeX 2.9/fonts/type1/public/amsfonts/cm/cmbx12.pfb><C:/Pr
ogram Files/MiKTeX 2.9/fonts/type1/public/amsfonts/cm/cmmi12.pfb><C:/Program Fi
les/MiKTeX 2.9/fonts/type1/public/amsfonts/cm/cmr12.pfb><C:/Program Files/MiKTe
X 2.9/fonts/type1/public/amsfonts/cm/cmsy10.pfb><C:/Program Files/MiKTeX 2.9/fo
nts/type1/public/amsfonts/cm/cmti12.pfb>
Output written on "Player Handbook.pdf" (33 pages, 17305026 bytes).
PDF statistics:
 172 PDF objects out of 1000 (max. 8388607)
 0 named destinations out of 1000 (max. 500000)
 221 words of extra memory for PDF output out of 10000 (max. 10000000)

